\BOOKMARK [0][-]{chapter.1}{\376\377\000C\000l\000a\000s\000s\000\040\000I\000n\000d\000e\000x}{}% 1
\BOOKMARK [1][-]{section.1.1}{\376\377\000C\000l\000a\000s\000s\000\040\000L\000i\000s\000t}{chapter.1}% 2
\BOOKMARK [0][-]{chapter.2}{\376\377\000F\000i\000l\000e\000\040\000I\000n\000d\000e\000x}{}% 3
\BOOKMARK [1][-]{section.2.1}{\376\377\000F\000i\000l\000e\000\040\000L\000i\000s\000t}{chapter.2}% 4
\BOOKMARK [0][-]{chapter.3}{\376\377\000C\000l\000a\000s\000s\000\040\000D\000o\000c\000u\000m\000e\000n\000t\000a\000t\000i\000o\000n}{}% 5
\BOOKMARK [1][-]{section.3.1}{\376\377\000A\000p\000p\000l\000i\000c\000a\000t\000i\000o\000n\000\040\000C\000l\000a\000s\000s\000\040\000R\000e\000f\000e\000r\000e\000n\000c\000e}{chapter.3}% 6
\BOOKMARK [2][-]{subsection.3.1.1}{\376\377\000C\000o\000n\000s\000t\000r\000u\000c\000t\000o\000r\000\040\000\046\000\040\000D\000e\000s\000t\000r\000u\000c\000t\000o\000r\000\040\000D\000o\000c\000u\000m\000e\000n\000t\000a\000t\000i\000o\000n}{section.3.1}% 7
\BOOKMARK [3][-]{subsubsection.3.1.1.1}{\376\377\000A\000p\000p\000l\000i\000c\000a\000t\000i\000o\000n}{subsection.3.1.1}% 8
\BOOKMARK [2][-]{subsection.3.1.2}{\376\377\000M\000e\000m\000b\000e\000r\000\040\000F\000u\000n\000c\000t\000i\000o\000n\000\040\000D\000o\000c\000u\000m\000e\000n\000t\000a\000t\000i\000o\000n}{section.3.1}% 9
\BOOKMARK [3][-]{subsubsection.3.1.2.1}{\376\377\000O\000b\000j\000F\000u\000n\000c\000t\000i\000o\000n\000C\000o\000m\000p\000o\000n\000e\000n\000t}{subsection.3.1.2}% 10
\BOOKMARK [2][-]{subsection.3.1.3}{\376\377\000M\000e\000m\000b\000e\000r\000\040\000D\000a\000t\000a\000\040\000D\000o\000c\000u\000m\000e\000n\000t\000a\000t\000i\000o\000n}{section.3.1}% 11
\BOOKMARK [3][-]{subsubsection.3.1.3.1}{\376\377\000a\000l\000p\000h\000a}{subsection.3.1.3}% 12
\BOOKMARK [3][-]{subsubsection.3.1.3.2}{\376\377\000a\000p\000p\000\137\000i\000d}{subsection.3.1.3}% 13
\BOOKMARK [3][-]{subsubsection.3.1.3.3}{\376\377\000b\000a\000s\000e\000F\000O}{subsection.3.1.3}% 14
\BOOKMARK [3][-]{subsubsection.3.1.3.4}{\376\377\000b\000e\000t\000a}{subsection.3.1.3}% 15
\BOOKMARK [3][-]{subsubsection.3.1.3.5}{\376\377\000b\000o\000u\000n\000d}{subsection.3.1.3}% 16
\BOOKMARK [3][-]{subsubsection.3.1.3.6}{\376\377\000b\000o\000u\000n\000d\000I\000t\000e\000r\000a\000t\000i\000o\000n\000s}{subsection.3.1.3}% 17
\BOOKMARK [3][-]{subsubsection.3.1.3.7}{\376\377\000c\000h\000i\000\137\0000}{subsection.3.1.3}% 18
\BOOKMARK [3][-]{subsubsection.3.1.3.8}{\376\377\000c\000h\000i\000\137\000C}{subsection.3.1.3}% 19
\BOOKMARK [3][-]{subsubsection.3.1.3.9}{\376\377\000c\000s\000i}{subsection.3.1.3}% 20
\BOOKMARK [3][-]{subsubsection.3.1.3.10}{\376\377\000c\000u\000r\000r\000e\000n\000t\000C\000o\000r\000e\000s\000\137\000d}{subsection.3.1.3}% 21
\BOOKMARK [3][-]{subsubsection.3.1.3.11}{\376\377\000d\000a\000t\000a\000s\000e\000t\000S\000i\000z\000e}{subsection.3.1.3}% 22
\BOOKMARK [3][-]{subsubsection.3.1.3.12}{\376\377\000D\000e\000a\000d\000l\000i\000n\000e\000\137\000d}{subsection.3.1.3}% 23
\BOOKMARK [3][-]{subsubsection.3.1.3.13}{\376\377\000i\000n\000i\000t\000i\000a\000l\000B\000a\000s\000e\000F\000O}{subsection.3.1.3}% 24
\BOOKMARK [3][-]{subsubsection.3.1.3.14}{\376\377\000m}{subsection.3.1.3}% 25
\BOOKMARK [3][-]{subsubsection.3.1.3.15}{\376\377\000M}{subsection.3.1.3}% 26
\BOOKMARK [3][-]{subsubsection.3.1.3.16}{\376\377\000m\000o\000d\000e}{subsection.3.1.3}% 27
\BOOKMARK [3][-]{subsubsection.3.1.3.17}{\376\377\000n\000C\000o\000r\000e\000s\000\137\000D\000B\000\137\000d}{subsection.3.1.3}% 28
\BOOKMARK [3][-]{subsubsection.3.1.3.18}{\376\377\000n\000u\000\137\000d}{subsection.3.1.3}% 29
\BOOKMARK [3][-]{subsubsection.3.1.3.19}{\376\377\000R\000\137\000b\000o\000u\000n\000d\000\137\000d}{subsection.3.1.3}% 30
\BOOKMARK [3][-]{subsubsection.3.1.3.20}{\376\377\000R\000\137\000d}{subsection.3.1.3}% 31
\BOOKMARK [3][-]{subsubsection.3.1.3.21}{\376\377\000s\000A\000B}{subsection.3.1.3}% 32
\BOOKMARK [3][-]{subsubsection.3.1.3.22}{\376\377\000s\000e\000s\000s\000i\000o\000n\000\137\000a\000p\000p\000\137\000i\000d}{subsection.3.1.3}% 33
\BOOKMARK [3][-]{subsubsection.3.1.3.23}{\376\377\000s\000t\000a\000g\000e}{subsection.3.1.3}% 34
\BOOKMARK [3][-]{subsubsection.3.1.3.24}{\376\377\000t\000e\000r\000m\000\137\000i}{subsection.3.1.3}% 35
\BOOKMARK [3][-]{subsubsection.3.1.3.25}{\376\377\000V}{subsection.3.1.3}% 36
\BOOKMARK [3][-]{subsubsection.3.1.3.26}{\376\377\000v}{subsection.3.1.3}% 37
\BOOKMARK [3][-]{subsubsection.3.1.3.27}{\376\377\000v\000m}{subsection.3.1.3}% 38
\BOOKMARK [3][-]{subsubsection.3.1.3.28}{\376\377\000w}{subsection.3.1.3}% 39
\BOOKMARK [1][-]{section.3.2}{\376\377\000B\000a\000t\000c\000h\000\040\000C\000l\000a\000s\000s\000\040\000R\000e\000f\000e\000r\000e\000n\000c\000e}{chapter.3}% 40
\BOOKMARK [2][-]{subsection.3.2.1}{\376\377\000C\000o\000n\000s\000t\000r\000u\000c\000t\000o\000r\000\040\000\046\000\040\000D\000e\000s\000t\000r\000u\000c\000t\000o\000r\000\040\000D\000o\000c\000u\000m\000e\000n\000t\000a\000t\000i\000o\000n}{section.3.2}% 41
\BOOKMARK [3][-]{subsubsection.3.2.1.1}{\376\377\000B\000a\000t\000c\000h}{subsection.3.2.1}% 42
\BOOKMARK [2][-]{subsection.3.2.2}{\376\377\000M\000e\000m\000b\000e\000r\000\040\000F\000u\000n\000c\000t\000i\000o\000n\000\040\000D\000o\000c\000u\000m\000e\000n\000t\000a\000t\000i\000o\000n}{section.3.2}% 43
\BOOKMARK [3][-]{subsubsection.3.2.2.1}{\376\377\000a\000p\000p\000r\000o\000x\000i\000m\000a\000t\000e\000d\000L\000o\000o\000p}{subsection.3.2.2}% 44
\BOOKMARK [3][-]{subsubsection.3.2.2.2}{\376\377\000c\000a\000l\000c\000u\000l\000a\000t\000e\000\137\000n\000u}{subsection.3.2.2}% 45
\BOOKMARK [3][-]{subsubsection.3.2.2.3}{\376\377\000f\000i\000x\000I\000n\000i\000t\000i\000a\000l\000S\000o\000l\000u\000t\000i\000o\000n}{subsection.3.2.2}% 46
\BOOKMARK [3][-]{subsubsection.3.2.2.4}{\376\377\000i\000n\000i\000t\000i\000a\000l\000i\000z\000e}{subsection.3.2.2}% 47
\BOOKMARK [2][-]{subsection.3.2.3}{\376\377\000M\000e\000m\000b\000e\000r\000\040\000D\000a\000t\000a\000\040\000D\000o\000c\000u\000m\000e\000n\000t\000a\000t\000i\000o\000n}{section.3.2}% 48
\BOOKMARK [3][-]{subsubsection.3.2.3.1}{\376\377\000A\000P\000P\000s}{subsection.3.2.3}% 49
\BOOKMARK [1][-]{section.3.3}{\376\377\000B\000o\000u\000n\000d\000s\000\040\000C\000l\000a\000s\000s\000\040\000R\000e\000f\000e\000r\000e\000n\000c\000e}{chapter.3}% 50
\BOOKMARK [2][-]{subsection.3.3.1}{\376\377\000M\000e\000m\000b\000e\000r\000\040\000F\000u\000n\000c\000t\000i\000o\000n\000\040\000D\000o\000c\000u\000m\000e\000n\000t\000a\000t\000i\000o\000n}{section.3.3}% 51
\BOOKMARK [3][-]{subsubsection.3.3.1.1}{\376\377\000c\000a\000l\000c\000u\000l\000a\000t\000e\000B\000o\000u\000n\000d\000s}{subsection.3.3.1}% 52
\BOOKMARK [1][-]{section.3.4}{\376\377\000C\000a\000n\000d\000i\000d\000a\000t\000e\000\040\000C\000l\000a\000s\000s\000\040\000R\000e\000f\000e\000r\000e\000n\000c\000e}{chapter.3}% 53
\BOOKMARK [2][-]{subsection.3.4.1}{\376\377\000C\000o\000n\000s\000t\000r\000u\000c\000t\000o\000r\000\040\000\046\000\040\000D\000e\000s\000t\000r\000u\000c\000t\000o\000r\000\040\000D\000o\000c\000u\000m\000e\000n\000t\000a\000t\000i\000o\000n}{section.3.4}% 54
\BOOKMARK [3][-]{subsubsection.3.4.1.1}{\376\377\000C\000a\000n\000d\000i\000d\000a\000t\000e}{subsection.3.4.1}% 55
\BOOKMARK [2][-]{subsection.3.4.2}{\376\377\000M\000e\000m\000b\000e\000r\000\040\000D\000a\000t\000a\000\040\000D\000o\000c\000u\000m\000e\000n\000t\000a\000t\000i\000o\000n}{section.3.4}% 56
\BOOKMARK [3][-]{subsubsection.3.4.2.1}{\376\377\000a\000p\000p\000\137\000i}{subsection.3.4.2}% 57
\BOOKMARK [3][-]{subsubsection.3.4.2.2}{\376\377\000a\000p\000p\000\137\000j}{subsection.3.4.2}% 58
\BOOKMARK [3][-]{subsubsection.3.4.2.3}{\376\377\000d\000e\000l\000t\000a\000\137\000i}{subsection.3.4.2}% 59
\BOOKMARK [3][-]{subsubsection.3.4.2.4}{\376\377\000d\000e\000l\000t\000a\000\137\000j}{subsection.3.4.2}% 60
\BOOKMARK [3][-]{subsubsection.3.4.2.5}{\376\377\000d\000e\000l\000t\000a\000F\000O}{subsection.3.4.2}% 61
\BOOKMARK [3][-]{subsubsection.3.4.2.6}{\376\377\000n\000e\000w\000C\000o\000r\000e\000A\000s\000s\000i\000g\000n\000m\000e\000n\000t\000\137\000i}{subsection.3.4.2}% 62
\BOOKMARK [3][-]{subsubsection.3.4.2.7}{\376\377\000n\000e\000w\000C\000o\000r\000e\000A\000s\000s\000i\000g\000n\000m\000e\000n\000t\000\137\000j}{subsection.3.4.2}% 63
\BOOKMARK [3][-]{subsubsection.3.4.2.8}{\376\377\000n\000o\000d\000e\000s\000\137\000i}{subsection.3.4.2}% 64
\BOOKMARK [3][-]{subsubsection.3.4.2.9}{\376\377\000n\000o\000d\000e\000s\000\137\000j}{subsection.3.4.2}% 65
\BOOKMARK [3][-]{subsubsection.3.4.2.10}{\376\377\000r\000e\000a\000l\000\137\000i}{subsection.3.4.2}% 66
\BOOKMARK [3][-]{subsubsection.3.4.2.11}{\376\377\000r\000e\000a\000l\000\137\000j}{subsection.3.4.2}% 67
\BOOKMARK [1][-]{section.3.5}{\376\377\000O\000b\000j\000F\000u\000n\000\040\000C\000l\000a\000s\000s\000\040\000R\000e\000f\000e\000r\000e\000n\000c\000e}{chapter.3}% 68
\BOOKMARK [2][-]{subsection.3.5.1}{\376\377\000M\000e\000m\000b\000e\000r\000\040\000F\000u\000n\000c\000t\000i\000o\000n\000\040\000D\000o\000c\000u\000m\000e\000n\000t\000a\000t\000i\000o\000n}{section.3.5}% 69
\BOOKMARK [3][-]{subsubsection.3.5.1.1}{\376\377\000O\000b\000j\000F\000u\000n\000c\000t\000i\000o\000n\000C\000o\000m\000p\000o\000n\000e\000n\000t}{subsection.3.5.1}% 70
\BOOKMARK [3][-]{subsubsection.3.5.1.2}{\376\377\000O\000b\000j\000F\000u\000n\000c\000t\000i\000o\000n\000C\000o\000m\000p\000o\000n\000e\000n\000t\000A\000p\000p\000r\000o\000x}{subsection.3.5.1}% 71
\BOOKMARK [3][-]{subsubsection.3.5.1.3}{\376\377\000O\000b\000j\000F\000u\000n\000c\000t\000i\000o\000n\000G\000l\000o\000b\000a\000l}{subsection.3.5.1}% 72
\BOOKMARK [1][-]{section.3.6}{\376\377\000o\000p\000t\000J\000r\000P\000a\000r\000a\000m\000e\000t\000e\000r\000s\000\040\000C\000l\000a\000s\000s\000\040\000R\000e\000f\000e\000r\000e\000n\000c\000e}{chapter.3}% 73
\BOOKMARK [2][-]{subsection.3.6.1}{\376\377\000C\000o\000n\000s\000t\000r\000u\000c\000t\000o\000r\000\040\000\046\000\040\000D\000e\000s\000t\000r\000u\000c\000t\000o\000r\000\040\000D\000o\000c\000u\000m\000e\000n\000t\000a\000t\000i\000o\000n}{section.3.6}% 74
\BOOKMARK [3][-]{subsubsection.3.6.1.1}{\376\377\000o\000p\000t\000J\000r\000P\000a\000r\000a\000m\000e\000t\000e\000r\000s}{subsection.3.6.1}% 75
\BOOKMARK [2][-]{subsection.3.6.2}{\376\377\000M\000e\000m\000b\000e\000r\000\040\000F\000u\000n\000c\000t\000i\000o\000n\000\040\000D\000o\000c\000u\000m\000e\000n\000t\000a\000t\000i\000o\000n}{section.3.6}% 76
\BOOKMARK [3][-]{subsubsection.3.6.2.1}{\376\377\000g\000e\000t\000\137\000c\000a\000c\000h\000e}{subsection.3.6.2}% 77
\BOOKMARK [3][-]{subsubsection.3.6.2.2}{\376\377\000g\000e\000t\000\137\000d\000e\000b\000u\000g}{subsection.3.6.2}% 78
\BOOKMARK [3][-]{subsubsection.3.6.2.3}{\376\377\000g\000e\000t\000\137\000f\000i\000l\000e\000n\000a\000m\000e}{subsection.3.6.2}% 79
\BOOKMARK [3][-]{subsubsection.3.6.2.4}{\376\377\000g\000e\000t\000\137\000g\000l\000o\000b\000a\000l\000F\000O\000c\000a\000l\000c\000u\000l\000a\000t\000i\000o\000n}{subsection.3.6.2}% 80
\BOOKMARK [3][-]{subsubsection.3.6.2.5}{\376\377\000g\000e\000t\000\137\000K}{subsection.3.6.2}% 81
\BOOKMARK [3][-]{subsubsection.3.6.2.6}{\376\377\000g\000e\000t\000\137\000m\000a\000x\000I\000t\000e\000r\000a\000t\000i\000o\000n}{subsection.3.6.2}% 82
\BOOKMARK [3][-]{subsubsection.3.6.2.7}{\376\377\000g\000e\000t\000\137\000n\000u\000m\000b\000e\000r}{subsection.3.6.2}% 83
\BOOKMARK [3][-]{subsubsection.3.6.2.8}{\376\377\000g\000e\000t\000\137\000s\000i\000m\000u\000l\000a\000t\000o\000r}{subsection.3.6.2}% 84
\BOOKMARK [1][-]{section.3.7}{\376\377\000s\000A\000l\000p\000h\000a\000B\000e\000t\000a\000M\000a\000n\000a\000g\000e\000m\000e\000n\000t\000\040\000C\000l\000a\000s\000s\000\040\000R\000e\000f\000e\000r\000e\000n\000c\000e}{chapter.3}% 85
\BOOKMARK [2][-]{subsection.3.7.1}{\376\377\000M\000e\000m\000b\000e\000r\000\040\000D\000a\000t\000a\000\040\000D\000o\000c\000u\000m\000e\000n\000t\000a\000t\000i\000o\000n}{section.3.7}% 86
\BOOKMARK [3][-]{subsubsection.3.7.1.1}{\376\377\000i\000n\000d\000e\000x}{subsection.3.7.1}% 87
\BOOKMARK [3][-]{subsubsection.3.7.1.2}{\376\377\000v\000e\000c}{subsection.3.7.1}% 88
\BOOKMARK [1][-]{section.3.8}{\376\377\000S\000e\000a\000r\000c\000h\000\040\000C\000l\000a\000s\000s\000\040\000R\000e\000f\000e\000r\000e\000n\000c\000e}{chapter.3}% 89
\BOOKMARK [2][-]{subsection.3.8.1}{\376\377\000M\000e\000m\000b\000e\000r\000\040\000F\000u\000n\000c\000t\000i\000o\000n\000\040\000D\000o\000c\000u\000m\000e\000n\000t\000a\000t\000i\000o\000n}{section.3.8}% 90
\BOOKMARK [3][-]{subsubsection.3.8.1.1}{\376\377\000l\000o\000c\000a\000l\000S\000e\000a\000r\000c\000h}{subsection.3.8.1}% 91
\BOOKMARK [1][-]{section.3.9}{\376\377\000s\000l\000a\000s\000t\000S\000i\000m\000u\000l\000a\000t\000o\000r\000R\000u\000n\000\040\000C\000l\000a\000s\000s\000\040\000R\000e\000f\000e\000r\000e\000n\000c\000e}{chapter.3}% 92
\BOOKMARK [2][-]{subsection.3.9.1}{\376\377\000M\000e\000m\000b\000e\000r\000\040\000D\000a\000t\000a\000\040\000D\000o\000c\000u\000m\000e\000n\000t\000a\000t\000i\000o\000n}{section.3.9}% 93
\BOOKMARK [3][-]{subsubsection.3.9.1.1}{\376\377\000n\000C\000o\000r\000e\000s}{subsection.3.9.1}% 94
\BOOKMARK [3][-]{subsubsection.3.9.1.2}{\376\377\000R}{subsection.3.9.1}% 95
\BOOKMARK [0][-]{chapter.4}{\376\377\000F\000i\000l\000e\000\040\000D\000o\000c\000u\000m\000e\000n\000t\000a\000t\000i\000o\000n}{}% 96
\BOOKMARK [1][-]{section.4.1}{\376\377\000/\000v\000a\000g\000r\000a\000n\000t\000/\000P\000R\000O\000J\000E\000C\000T\000\137\000S\000P\000A\000R\000K\000/\000P\000A\000C\000S\000\137\000P\000R\000O\000J\000E\000C\000T\000/\000o\000p\000t\000\137\000j\000r\000/\000s\000r\000c\000/\000a\000p\000p\000B\000y\000W\000e\000i\000g\000h\000t\000.\000c\000p\000p\000\040\000F\000i\000l\000e\000\040\000R\000e\000f\000e\000r\000e\000n\000c\000e}{chapter.4}% 97
\BOOKMARK [2][-]{subsection.4.1.1}{\376\377\000F\000u\000n\000c\000t\000i\000o\000n\000\040\000D\000o\000c\000u\000m\000e\000n\000t\000a\000t\000i\000o\000n}{section.4.1}% 98
\BOOKMARK [3][-]{subsubsection.4.1.1.1}{\376\377\000a\000d\000d\000A\000p\000p\000l\000i\000c\000a\000t\000i\000o\000n\000P\000o\000i\000n\000t\000e\000r}{subsection.4.1.1}% 99
\BOOKMARK [1][-]{section.4.2}{\376\377\000/\000v\000a\000g\000r\000a\000n\000t\000/\000P\000R\000O\000J\000E\000C\000T\000\137\000S\000P\000A\000R\000K\000/\000P\000A\000C\000S\000\137\000P\000R\000O\000J\000E\000C\000T\000/\000o\000p\000t\000\137\000j\000r\000/\000s\000r\000c\000/\000a\000p\000p\000B\000y\000W\000e\000i\000g\000h\000t\000.\000h\000h\000\040\000F\000i\000l\000e\000\040\000R\000e\000f\000e\000r\000e\000n\000c\000e}{chapter.4}% 100
\BOOKMARK [2][-]{subsection.4.2.1}{\376\377\000T\000y\000p\000e\000d\000e\000f\000\040\000D\000o\000c\000u\000m\000e\000n\000t\000a\000t\000i\000o\000n}{section.4.2}% 101
\BOOKMARK [3][-]{subsubsection.4.2.1.1}{\376\377\000a\000p\000p\000B\000y\000W\000e\000i\000g\000h\000t}{subsection.4.2.1}% 102
\BOOKMARK [2][-]{subsection.4.2.2}{\376\377\000F\000u\000n\000c\000t\000i\000o\000n\000\040\000D\000o\000c\000u\000m\000e\000n\000t\000a\000t\000i\000o\000n}{section.4.2}% 103
\BOOKMARK [3][-]{subsubsection.4.2.2.1}{\376\377\000a\000d\000d\000A\000p\000p\000l\000i\000c\000a\000t\000i\000o\000n\000P\000o\000i\000n\000t\000e\000r}{subsection.4.2.2}% 104
\BOOKMARK [1][-]{section.4.3}{\376\377\000/\000v\000a\000g\000r\000a\000n\000t\000/\000P\000R\000O\000J\000E\000C\000T\000\137\000S\000P\000A\000R\000K\000/\000P\000A\000C\000S\000\137\000P\000R\000O\000J\000E\000C\000T\000/\000o\000p\000t\000\137\000j\000r\000/\000s\000r\000c\000/\000a\000p\000p\000l\000i\000c\000a\000t\000i\000o\000n\000.\000c\000p\000p\000\040\000F\000i\000l\000e\000\040\000R\000e\000f\000e\000r\000e\000n\000c\000e}{chapter.4}% 105
\BOOKMARK [1][-]{section.4.4}{\376\377\000/\000v\000a\000g\000r\000a\000n\000t\000/\000P\000R\000O\000J\000E\000C\000T\000\137\000S\000P\000A\000R\000K\000/\000P\000A\000C\000S\000\137\000P\000R\000O\000J\000E\000C\000T\000/\000o\000p\000t\000\137\000j\000r\000/\000s\000r\000c\000/\000a\000p\000p\000l\000i\000c\000a\000t\000i\000o\000n\000.\000h\000h\000\040\000F\000i\000l\000e\000\040\000R\000e\000f\000e\000r\000e\000n\000c\000e}{chapter.4}% 106
\BOOKMARK [2][-]{subsection.4.4.1}{\376\377\000M\000a\000c\000r\000o\000\040\000D\000e\000f\000i\000n\000i\000t\000i\000o\000n\000\040\000D\000o\000c\000u\000m\000e\000n\000t\000a\000t\000i\000o\000n}{section.4.4}% 107
\BOOKMARK [3][-]{subsubsection.4.4.1.1}{\376\377\000C\000O\000R\000E\000S\000\137\000A\000L\000G\000O\000R\000I\000T\000H\000M}{subsection.4.4.1}% 108
\BOOKMARK [3][-]{subsubsection.4.4.1.2}{\376\377\000H\000Y\000P\000\137\000I\000N\000T\000E\000R\000P\000O\000L\000A\000T\000I\000O\000N\000\137\000P\000O\000I\000N\000T\000S}{subsection.4.4.1}% 109
\BOOKMARK [3][-]{subsubsection.4.4.1.3}{\376\377\000N\000C\000O\000R\000E\000S\000\137\000A\000L\000G\000O\000R\000I\000T\000H\000M}{subsection.4.4.1}% 110
\BOOKMARK [3][-]{subsubsection.4.4.1.4}{\376\377\000R\000\137\000A\000L\000G\000O\000R\000I\000T\000H\000M}{subsection.4.4.1}% 111
\BOOKMARK [3][-]{subsubsection.4.4.1.5}{\376\377\000R\000E\000S\000I\000D\000U\000A\000L\000\137\000E\000X\000E\000C\000U\000T\000I\000O\000N\000\137\000T\000I\000M\000E}{subsection.4.4.1}% 112
\BOOKMARK [3][-]{subsubsection.4.4.1.6}{\376\377\000W\000H\000O\000L\000E\000\137\000E\000X\000E\000C\000U\000T\000I\000O\000N\000\137\000T\000I\000M\000E}{subsection.4.4.1}% 113
\BOOKMARK [1][-]{section.4.5}{\376\377\000/\000v\000a\000g\000r\000a\000n\000t\000/\000P\000R\000O\000J\000E\000C\000T\000\137\000S\000P\000A\000R\000K\000/\000P\000A\000C\000S\000\137\000P\000R\000O\000J\000E\000C\000T\000/\000o\000p\000t\000\137\000j\000r\000/\000s\000r\000c\000/\000b\000a\000t\000c\000h\000.\000c\000p\000p\000\040\000F\000i\000l\000e\000\040\000R\000e\000f\000e\000r\000e\000n\000c\000e}{chapter.4}% 114
\BOOKMARK [1][-]{section.4.6}{\376\377\000/\000v\000a\000g\000r\000a\000n\000t\000/\000P\000R\000O\000J\000E\000C\000T\000\137\000S\000P\000A\000R\000K\000/\000P\000A\000C\000S\000\137\000P\000R\000O\000J\000E\000C\000T\000/\000o\000p\000t\000\137\000j\000r\000/\000s\000r\000c\000/\000b\000a\000t\000c\000h\000.\000h\000h\000\040\000F\000i\000l\000e\000\040\000R\000e\000f\000e\000r\000e\000n\000c\000e}{chapter.4}% 115
\BOOKMARK [1][-]{section.4.7}{\376\377\000/\000v\000a\000g\000r\000a\000n\000t\000/\000P\000R\000O\000J\000E\000C\000T\000\137\000S\000P\000A\000R\000K\000/\000P\000A\000C\000S\000\137\000P\000R\000O\000J\000E\000C\000T\000/\000o\000p\000t\000\137\000j\000r\000/\000s\000r\000c\000/\000b\000o\000u\000n\000d\000s\000.\000c\000p\000p\000\040\000F\000i\000l\000e\000\040\000R\000e\000f\000e\000r\000e\000n\000c\000e}{chapter.4}% 116
\BOOKMARK [1][-]{section.4.8}{\376\377\000/\000v\000a\000g\000r\000a\000n\000t\000/\000P\000R\000O\000J\000E\000C\000T\000\137\000S\000P\000A\000R\000K\000/\000P\000A\000C\000S\000\137\000P\000R\000O\000J\000E\000C\000T\000/\000o\000p\000t\000\137\000j\000r\000/\000s\000r\000c\000/\000b\000o\000u\000n\000d\000s\000.\000h\000h\000\040\000F\000i\000l\000e\000\040\000R\000e\000f\000e\000r\000e\000n\000c\000e}{chapter.4}% 117
\BOOKMARK [1][-]{section.4.9}{\376\377\000/\000v\000a\000g\000r\000a\000n\000t\000/\000P\000R\000O\000J\000E\000C\000T\000\137\000S\000P\000A\000R\000K\000/\000P\000A\000C\000S\000\137\000P\000R\000O\000J\000E\000C\000T\000/\000o\000p\000t\000\137\000j\000r\000/\000s\000r\000c\000/\000c\000a\000n\000d\000i\000d\000a\000t\000e\000s\000.\000c\000p\000p\000\040\000F\000i\000l\000e\000\040\000R\000e\000f\000e\000r\000e\000n\000c\000e}{chapter.4}% 118
\BOOKMARK [2][-]{subsection.4.9.1}{\376\377\000F\000u\000n\000c\000t\000i\000o\000n\000\040\000D\000o\000c\000u\000m\000e\000n\000t\000a\000t\000i\000o\000n}{section.4.9}% 119
\BOOKMARK [3][-]{subsubsection.4.9.1.1}{\376\377\000a\000d\000d\000C\000a\000n\000d\000i\000d\000a\000t\000e}{subsection.4.9.1}% 120
\BOOKMARK [1][-]{section.4.10}{\376\377\000/\000v\000a\000g\000r\000a\000n\000t\000/\000P\000R\000O\000J\000E\000C\000T\000\137\000S\000P\000A\000R\000K\000/\000P\000A\000C\000S\000\137\000P\000R\000O\000J\000E\000C\000T\000/\000o\000p\000t\000\137\000j\000r\000/\000s\000r\000c\000/\000c\000a\000n\000d\000i\000d\000a\000t\000e\000s\000.\000h\000h\000\040\000F\000i\000l\000e\000\040\000R\000e\000f\000e\000r\000e\000n\000c\000e}{chapter.4}% 121
\BOOKMARK [2][-]{subsection.4.10.1}{\376\377\000T\000y\000p\000e\000d\000e\000f\000\040\000D\000o\000c\000u\000m\000e\000n\000t\000a\000t\000i\000o\000n}{section.4.10}% 122
\BOOKMARK [3][-]{subsubsection.4.10.1.1}{\376\377\000s\000C\000a\000n\000d\000i\000d\000a\000t\000e\000s}{subsection.4.10.1}% 123
\BOOKMARK [2][-]{subsection.4.10.2}{\376\377\000F\000u\000n\000c\000t\000i\000o\000n\000\040\000D\000o\000c\000u\000m\000e\000n\000t\000a\000t\000i\000o\000n}{section.4.10}% 124
\BOOKMARK [3][-]{subsubsection.4.10.2.1}{\376\377\000a\000d\000d\000C\000a\000n\000d\000i\000d\000a\000t\000e}{subsection.4.10.2}% 125
\BOOKMARK [1][-]{section.4.11}{\376\377\000/\000v\000a\000g\000r\000a\000n\000t\000/\000P\000R\000O\000J\000E\000C\000T\000\137\000S\000P\000A\000R\000K\000/\000P\000A\000C\000S\000\137\000P\000R\000O\000J\000E\000C\000T\000/\000o\000p\000t\000\137\000j\000r\000/\000s\000r\000c\000/\000d\000b\000.\000c\000p\000p\000\040\000F\000i\000l\000e\000\040\000R\000e\000f\000e\000r\000e\000n\000c\000e}{chapter.4}% 126
\BOOKMARK [2][-]{subsection.4.11.1}{\376\377\000F\000u\000n\000c\000t\000i\000o\000n\000\040\000D\000o\000c\000u\000m\000e\000n\000t\000a\000t\000i\000o\000n}{section.4.11}% 127
\BOOKMARK [3][-]{subsubsection.4.11.1.1}{\376\377\000D\000B\000c\000l\000o\000s\000e}{subsection.4.11.1}% 128
\BOOKMARK [3][-]{subsubsection.4.11.1.2}{\376\377\000D\000B\000e\000r\000r\000o\000r}{subsection.4.11.1}% 129
\BOOKMARK [3][-]{subsubsection.4.11.1.3}{\376\377\000D\000B\000o\000p\000e\000n}{subsection.4.11.1}% 130
\BOOKMARK [3][-]{subsubsection.4.11.1.4}{\376\377\000e\000x\000e\000c\000u\000t\000e\000S\000Q\000L}{subsection.4.11.1}% 131
\BOOKMARK [1][-]{section.4.12}{\376\377\000/\000v\000a\000g\000r\000a\000n\000t\000/\000P\000R\000O\000J\000E\000C\000T\000\137\000S\000P\000A\000R\000K\000/\000P\000A\000C\000S\000\137\000P\000R\000O\000J\000E\000C\000T\000/\000o\000p\000t\000\137\000j\000r\000/\000s\000r\000c\000/\000d\000b\000.\000h\000h\000\040\000F\000i\000l\000e\000\040\000R\000e\000f\000e\000r\000e\000n\000c\000e}{chapter.4}% 132
\BOOKMARK [2][-]{subsection.4.12.1}{\376\377\000F\000u\000n\000c\000t\000i\000o\000n\000\040\000D\000o\000c\000u\000m\000e\000n\000t\000a\000t\000i\000o\000n}{section.4.12}% 133
\BOOKMARK [3][-]{subsubsection.4.12.1.1}{\376\377\000D\000B\000c\000l\000o\000s\000e}{subsection.4.12.1}% 134
\BOOKMARK [3][-]{subsubsection.4.12.1.2}{\376\377\000D\000B\000e\000r\000r\000o\000r}{subsection.4.12.1}% 135
\BOOKMARK [3][-]{subsubsection.4.12.1.3}{\376\377\000D\000B\000o\000p\000e\000n}{subsection.4.12.1}% 136
\BOOKMARK [3][-]{subsubsection.4.12.1.4}{\376\377\000e\000x\000e\000c\000u\000t\000e\000S\000Q\000L}{subsection.4.12.1}% 137
\BOOKMARK [1][-]{section.4.13}{\376\377\000/\000v\000a\000g\000r\000a\000n\000t\000/\000P\000R\000O\000J\000E\000C\000T\000\137\000S\000P\000A\000R\000K\000/\000P\000A\000C\000S\000\137\000P\000R\000O\000J\000E\000C\000T\000/\000o\000p\000t\000\137\000j\000r\000/\000s\000r\000c\000/\000d\000e\000b\000u\000g\000m\000e\000s\000s\000a\000g\000e\000.\000c\000p\000p\000\040\000F\000i\000l\000e\000\040\000R\000e\000f\000e\000r\000e\000n\000c\000e}{chapter.4}% 138
\BOOKMARK [2][-]{subsection.4.13.1}{\376\377\000F\000u\000n\000c\000t\000i\000o\000n\000\040\000D\000o\000c\000u\000m\000e\000n\000t\000a\000t\000i\000o\000n}{section.4.13}% 139
\BOOKMARK [3][-]{subsubsection.4.13.1.1}{\376\377\000d\000e\000b\000u\000g\000M\000e\000s\000s\000a\000g\000e}{subsection.4.13.1}% 140
\BOOKMARK [1][-]{section.4.14}{\376\377\000/\000v\000a\000g\000r\000a\000n\000t\000/\000P\000R\000O\000J\000E\000C\000T\000\137\000S\000P\000A\000R\000K\000/\000P\000A\000C\000S\000\137\000P\000R\000O\000J\000E\000C\000T\000/\000o\000p\000t\000\137\000j\000r\000/\000s\000r\000c\000/\000d\000e\000b\000u\000g\000m\000e\000s\000s\000a\000g\000e\000.\000h\000h\000\040\000F\000i\000l\000e\000\040\000R\000e\000f\000e\000r\000e\000n\000c\000e}{chapter.4}% 141
\BOOKMARK [2][-]{subsection.4.14.1}{\376\377\000F\000u\000n\000c\000t\000i\000o\000n\000\040\000D\000o\000c\000u\000m\000e\000n\000t\000a\000t\000i\000o\000n}{section.4.14}% 142
\BOOKMARK [3][-]{subsubsection.4.14.1.1}{\376\377\000d\000e\000b\000u\000g\000M\000e\000s\000s\000a\000g\000e}{subsection.4.14.1}% 143
\BOOKMARK [1][-]{section.4.15}{\376\377\000/\000v\000a\000g\000r\000a\000n\000t\000/\000P\000R\000O\000J\000E\000C\000T\000\137\000S\000P\000A\000R\000K\000/\000P\000A\000C\000S\000\137\000P\000R\000O\000J\000E\000C\000T\000/\000o\000p\000t\000\137\000j\000r\000/\000s\000r\000c\000/\000i\000n\000v\000o\000k\000e\000P\000r\000e\000d\000i\000c\000t\000o\000r\000.\000c\000p\000p\000\040\000F\000i\000l\000e\000\040\000R\000e\000f\000e\000r\000e\000n\000c\000e}{chapter.4}% 144
\BOOKMARK [2][-]{subsection.4.15.1}{\376\377\000F\000u\000n\000c\000t\000i\000o\000n\000\040\000D\000o\000c\000u\000m\000e\000n\000t\000a\000t\000i\000o\000n}{section.4.15}% 145
\BOOKMARK [3][-]{subsubsection.4.15.1.1}{\376\377\000i\000n\000v\000o\000k\000e\000P\000r\000e\000d\000i\000c\000t\000o\000r}{subsection.4.15.1}% 146
\BOOKMARK [1][-]{section.4.16}{\376\377\000/\000v\000a\000g\000r\000a\000n\000t\000/\000P\000R\000O\000J\000E\000C\000T\000\137\000S\000P\000A\000R\000K\000/\000P\000A\000C\000S\000\137\000P\000R\000O\000J\000E\000C\000T\000/\000o\000p\000t\000\137\000j\000r\000/\000s\000r\000c\000/\000i\000n\000v\000o\000k\000e\000P\000r\000e\000d\000i\000c\000t\000o\000r\000.\000h\000h\000\040\000F\000i\000l\000e\000\040\000R\000e\000f\000e\000r\000e\000n\000c\000e}{chapter.4}% 147
\BOOKMARK [2][-]{subsection.4.16.1}{\376\377\000M\000a\000c\000r\000o\000\040\000D\000e\000f\000i\000n\000i\000t\000i\000o\000n\000\040\000D\000o\000c\000u\000m\000e\000n\000t\000a\000t\000i\000o\000n}{section.4.16}% 148
\BOOKMARK [3][-]{subsubsection.4.16.1.1}{\376\377\000R\000E\000S\000I\000D\000U\000A\000L\000\137\000D\000A\000G\000S\000I\000M}{subsection.4.16.1}% 149
\BOOKMARK [3][-]{subsubsection.4.16.1.2}{\376\377\000W\000H\000O\000L\000E\000\137\000D\000A\000G\000S\000I\000M}{subsection.4.16.1}% 150
\BOOKMARK [2][-]{subsection.4.16.2}{\376\377\000F\000u\000n\000c\000t\000i\000o\000n\000\040\000D\000o\000c\000u\000m\000e\000n\000t\000a\000t\000i\000o\000n}{section.4.16}% 151
\BOOKMARK [3][-]{subsubsection.4.16.2.1}{\376\377\000i\000n\000v\000o\000k\000e\000P\000r\000e\000d\000i\000c\000t\000o\000r}{subsection.4.16.2}% 152
\BOOKMARK [1][-]{section.4.17}{\376\377\000/\000v\000a\000g\000r\000a\000n\000t\000/\000P\000R\000O\000J\000E\000C\000T\000\137\000S\000P\000A\000R\000K\000/\000P\000A\000C\000S\000\137\000P\000R\000O\000J\000E\000C\000T\000/\000o\000p\000t\000\137\000j\000r\000/\000s\000r\000c\000/\000i\000n\000v\000o\000k\000e\000P\000r\000e\000d\000i\000c\000t\000o\000r\000\137\000h\000e\000l\000p\000e\000r\000.\000c\000p\000p\000\040\000F\000i\000l\000e\000\040\000R\000e\000f\000e\000r\000e\000n\000c\000e}{chapter.4}% 153
\BOOKMARK [2][-]{subsection.4.17.1}{\376\377\000M\000a\000c\000r\000o\000\040\000D\000e\000f\000i\000n\000i\000t\000i\000o\000n\000\040\000D\000o\000c\000u\000m\000e\000n\000t\000a\000t\000i\000o\000n}{section.4.17}% 154
\BOOKMARK [3][-]{subsubsection.4.17.1.1}{\376\377\000B\000I\000G\000\137\000L\000I\000N\000E}{subsection.4.17.1}% 155
\BOOKMARK [3][-]{subsubsection.4.17.1.2}{\376\377\000B\000I\000G\000\137\000T\000E\000X\000T}{subsection.4.17.1}% 156
\BOOKMARK [2][-]{subsection.4.17.2}{\376\377\000F\000u\000n\000c\000t\000i\000o\000n\000\040\000D\000o\000c\000u\000m\000e\000n\000t\000a\000t\000i\000o\000n}{section.4.17}% 157
\BOOKMARK [3][-]{subsubsection.4.17.2.1}{\376\377\000\137\000r\000u\000n}{subsection.4.17.2}% 158
\BOOKMARK [3][-]{subsubsection.4.17.2.2}{\376\377\000e\000x\000t\000r\000a\000c\000t\000R\000o\000w\000M\000a\000t\000c\000h\000i\000n\000g\000P\000a\000t\000t\000e\000r\000n}{subsection.4.17.2}% 159
\BOOKMARK [3][-]{subsubsection.4.17.2.3}{\376\377\000e\000x\000t\000r\000a\000c\000t\000R\000o\000w\000N}{subsection.4.17.2}% 160
\BOOKMARK [3][-]{subsubsection.4.17.2.4}{\376\377\000e\000x\000t\000r\000a\000c\000t\000W\000o\000r\000d}{subsection.4.17.2}% 161
\BOOKMARK [3][-]{subsubsection.4.17.2.5}{\376\377\000l\000s}{subsection.4.17.2}% 162
\BOOKMARK [3][-]{subsubsection.4.17.2.6}{\376\377\000r\000e\000a\000d\000F\000i\000l\000e}{subsection.4.17.2}% 163
\BOOKMARK [3][-]{subsubsection.4.17.2.7}{\376\377\000r\000e\000a\000d\000F\000o\000l\000d\000e\000r}{subsection.4.17.2}% 164
\BOOKMARK [3][-]{subsubsection.4.17.2.8}{\376\377\000r\000e\000p\000l\000a\000c\000e}{subsection.4.17.2}% 165
\BOOKMARK [3][-]{subsubsection.4.17.2.9}{\376\377\000w\000r\000i\000t\000e\000F\000i\000l\000e}{subsection.4.17.2}% 166
\BOOKMARK [1][-]{section.4.18}{\376\377\000/\000v\000a\000g\000r\000a\000n\000t\000/\000P\000R\000O\000J\000E\000C\000T\000\137\000S\000P\000A\000R\000K\000/\000P\000A\000C\000S\000\137\000P\000R\000O\000J\000E\000C\000T\000/\000o\000p\000t\000\137\000j\000r\000/\000s\000r\000c\000/\000i\000n\000v\000o\000k\000e\000P\000r\000e\000d\000i\000c\000t\000o\000r\000\137\000h\000e\000l\000p\000e\000r\000.\000h\000h\000\040\000F\000i\000l\000e\000\040\000R\000e\000f\000e\000r\000e\000n\000c\000e}{chapter.4}% 167
\BOOKMARK [2][-]{subsection.4.18.1}{\376\377\000F\000u\000n\000c\000t\000i\000o\000n\000\040\000D\000o\000c\000u\000m\000e\000n\000t\000a\000t\000i\000o\000n}{section.4.18}% 168
\BOOKMARK [3][-]{subsubsection.4.18.1.1}{\376\377\000\137\000r\000u\000n}{subsection.4.18.1}% 169
\BOOKMARK [3][-]{subsubsection.4.18.1.2}{\376\377\000e\000x\000t\000r\000a\000c\000t\000R\000o\000w\000M\000a\000t\000c\000h\000i\000n\000g\000P\000a\000t\000t\000e\000r\000n}{subsection.4.18.1}% 170
\BOOKMARK [3][-]{subsubsection.4.18.1.3}{\376\377\000e\000x\000t\000r\000a\000c\000t\000R\000o\000w\000N}{subsection.4.18.1}% 171
\BOOKMARK [3][-]{subsubsection.4.18.1.4}{\376\377\000e\000x\000t\000r\000a\000c\000t\000W\000o\000r\000d}{subsection.4.18.1}% 172
\BOOKMARK [3][-]{subsubsection.4.18.1.5}{\376\377\000l\000s}{subsection.4.18.1}% 173
\BOOKMARK [3][-]{subsubsection.4.18.1.6}{\376\377\000r\000e\000a\000d\000F\000i\000l\000e}{subsection.4.18.1}% 174
\BOOKMARK [3][-]{subsubsection.4.18.1.7}{\376\377\000r\000e\000a\000d\000F\000o\000l\000d\000e\000r}{subsection.4.18.1}% 175
\BOOKMARK [3][-]{subsubsection.4.18.1.8}{\376\377\000r\000e\000p\000l\000a\000c\000e}{subsection.4.18.1}% 176
\BOOKMARK [3][-]{subsubsection.4.18.1.9}{\376\377\000w\000r\000i\000t\000e\000F\000i\000l\000e}{subsection.4.18.1}% 177
\BOOKMARK [1][-]{section.4.19}{\376\377\000/\000v\000a\000g\000r\000a\000n\000t\000/\000P\000R\000O\000J\000E\000C\000T\000\137\000S\000P\000A\000R\000K\000/\000P\000A\000C\000S\000\137\000P\000R\000O\000J\000E\000C\000T\000/\000o\000p\000t\000\137\000j\000r\000/\000s\000r\000c\000/\000m\000a\000i\000n\000.\000c\000p\000p\000\040\000F\000i\000l\000e\000\040\000R\000e\000f\000e\000r\000e\000n\000c\000e}{chapter.4}% 178
\BOOKMARK [2][-]{subsection.4.19.1}{\376\377\000F\000u\000n\000c\000t\000i\000o\000n\000\040\000D\000o\000c\000u\000m\000e\000n\000t\000a\000t\000i\000o\000n}{section.4.19}% 179
\BOOKMARK [3][-]{subsubsection.4.19.1.1}{\376\377\000m\000a\000i\000n}{subsection.4.19.1}% 180
\BOOKMARK [1][-]{section.4.20}{\376\377\000/\000v\000a\000g\000r\000a\000n\000t\000/\000P\000R\000O\000J\000E\000C\000T\000\137\000S\000P\000A\000R\000K\000/\000P\000A\000C\000S\000\137\000P\000R\000O\000J\000E\000C\000T\000/\000o\000p\000t\000\137\000j\000r\000/\000s\000r\000c\000/\000o\000b\000j\000e\000c\000t\000i\000v\000e\000F\000u\000n\000c\000t\000i\000o\000n\000.\000c\000p\000p\000\040\000F\000i\000l\000e\000\040\000R\000e\000f\000e\000r\000e\000n\000c\000e}{chapter.4}% 181
\BOOKMARK [1][-]{section.4.21}{\376\377\000/\000v\000a\000g\000r\000a\000n\000t\000/\000P\000R\000O\000J\000E\000C\000T\000\137\000S\000P\000A\000R\000K\000/\000P\000A\000C\000S\000\137\000P\000R\000O\000J\000E\000C\000T\000/\000o\000p\000t\000\137\000j\000r\000/\000s\000r\000c\000/\000o\000b\000j\000e\000c\000t\000i\000v\000e\000F\000u\000n\000c\000t\000i\000o\000n\000.\000h\000h\000\040\000F\000i\000l\000e\000\040\000R\000e\000f\000e\000r\000e\000n\000c\000e}{chapter.4}% 182
\BOOKMARK [1][-]{section.4.22}{\376\377\000/\000v\000a\000g\000r\000a\000n\000t\000/\000P\000R\000O\000J\000E\000C\000T\000\137\000S\000P\000A\000R\000K\000/\000P\000A\000C\000S\000\137\000P\000R\000O\000J\000E\000C\000T\000/\000o\000p\000t\000\137\000j\000r\000/\000s\000r\000c\000/\000o\000p\000t\000j\000r\000P\000a\000r\000a\000m\000\137\000h\000e\000l\000p\000e\000r\000.\000c\000p\000p\000\040\000F\000i\000l\000e\000\040\000R\000e\000f\000e\000r\000e\000n\000c\000e}{chapter.4}% 183
\BOOKMARK [2][-]{subsection.4.22.1}{\376\377\000F\000u\000n\000c\000t\000i\000o\000n\000\040\000D\000o\000c\000u\000m\000e\000n\000t\000a\000t\000i\000o\000n}{section.4.22}% 184
\BOOKMARK [3][-]{subsubsection.4.22.1.1}{\376\377\000p\000a\000r\000s\000e\000A\000r\000g}{subsection.4.22.1}% 185
\BOOKMARK [3][-]{subsubsection.4.22.1.2}{\376\377\000U\000s\000a\000g\000e}{subsection.4.22.1}% 186
\BOOKMARK [1][-]{section.4.23}{\376\377\000/\000v\000a\000g\000r\000a\000n\000t\000/\000P\000R\000O\000J\000E\000C\000T\000\137\000S\000P\000A\000R\000K\000/\000P\000A\000C\000S\000\137\000P\000R\000O\000J\000E\000C\000T\000/\000o\000p\000t\000\137\000j\000r\000/\000s\000r\000c\000/\000o\000p\000t\000j\000r\000P\000a\000r\000a\000m\000\137\000h\000e\000l\000p\000e\000r\000.\000h\000h\000\040\000F\000i\000l\000e\000\040\000R\000e\000f\000e\000r\000e\000n\000c\000e}{chapter.4}% 187
\BOOKMARK [2][-]{subsection.4.23.1}{\376\377\000M\000a\000c\000r\000o\000\040\000D\000e\000f\000i\000n\000i\000t\000i\000o\000n\000\040\000D\000o\000c\000u\000m\000e\000n\000t\000a\000t\000i\000o\000n}{section.4.23}% 188
\BOOKMARK [3][-]{subsubsection.4.23.1.1}{\376\377\000A\000R\000G\000S}{subsection.4.23.1}% 189
\BOOKMARK [3][-]{subsubsection.4.23.1.2}{\376\377\000D\000E\000B\000U\000G}{subsection.4.23.1}% 190
\BOOKMARK [3][-]{subsubsection.4.23.1.3}{\376\377\000F\000I\000L\000E\000N\000A\000M\000E}{subsection.4.23.1}% 191
\BOOKMARK [3][-]{subsubsection.4.23.1.4}{\376\377\000G\000L\000O\000B\000A\000L\000\137\000F\000O\000\137\000C\000A\000L\000C\000U\000L\000A\000T\000I\000O\000N}{subsection.4.23.1}% 192
\BOOKMARK [3][-]{subsubsection.4.23.1.5}{\376\377\000L\000I\000S\000T\000\137\000L\000I\000M\000I\000T}{subsection.4.23.1}% 193
\BOOKMARK [3][-]{subsubsection.4.23.1.6}{\376\377\000M\000A\000X\000\137\000I\000T\000E\000R\000A\000T\000I\000O\000N\000S}{subsection.4.23.1}% 194
\BOOKMARK [3][-]{subsubsection.4.23.1.7}{\376\377\000N\000O}{subsection.4.23.1}% 195
\BOOKMARK [3][-]{subsubsection.4.23.1.8}{\376\377\000N\000U\000M\000\137\000N}{subsection.4.23.1}% 196
\BOOKMARK [3][-]{subsubsection.4.23.1.9}{\376\377\000N\000U\000M\000B\000E\000R}{subsection.4.23.1}% 197
\BOOKMARK [3][-]{subsubsection.4.23.1.10}{\376\377\000S\000I\000M\000U\000L\000A\000T\000O\000R}{subsection.4.23.1}% 198
\BOOKMARK [3][-]{subsubsection.4.23.1.11}{\376\377\000S\000T\000R\000I\000N\000G}{subsection.4.23.1}% 199
\BOOKMARK [3][-]{subsubsection.4.23.1.12}{\376\377\000Y\000E\000S}{subsection.4.23.1}% 200
\BOOKMARK [3][-]{subsubsection.4.23.1.13}{\376\377\000Y\000E\000S\000\137\000N\000O}{subsection.4.23.1}% 201
\BOOKMARK [2][-]{subsection.4.23.2}{\376\377\000F\000u\000n\000c\000t\000i\000o\000n\000\040\000D\000o\000c\000u\000m\000e\000n\000t\000a\000t\000i\000o\000n}{section.4.23}% 202
\BOOKMARK [3][-]{subsubsection.4.23.2.1}{\376\377\000p\000a\000r\000s\000e\000A\000r\000g}{subsection.4.23.2}% 203
\BOOKMARK [3][-]{subsubsection.4.23.2.2}{\376\377\000U\000s\000a\000g\000e}{subsection.4.23.2}% 204
\BOOKMARK [1][-]{section.4.24}{\376\377\000/\000v\000a\000g\000r\000a\000n\000t\000/\000P\000R\000O\000J\000E\000C\000T\000\137\000S\000P\000A\000R\000K\000/\000P\000A\000C\000S\000\137\000P\000R\000O\000J\000E\000C\000T\000/\000o\000p\000t\000\137\000j\000r\000/\000s\000r\000c\000/\000o\000p\000t\000j\000r\000p\000a\000r\000a\000m\000e\000t\000e\000r\000s\000.\000c\000p\000p\000\040\000F\000i\000l\000e\000\040\000R\000e\000f\000e\000r\000e\000n\000c\000e}{chapter.4}% 205
\BOOKMARK [1][-]{section.4.25}{\376\377\000/\000v\000a\000g\000r\000a\000n\000t\000/\000P\000R\000O\000J\000E\000C\000T\000\137\000S\000P\000A\000R\000K\000/\000P\000A\000C\000S\000\137\000P\000R\000O\000J\000E\000C\000T\000/\000o\000p\000t\000\137\000j\000r\000/\000s\000r\000c\000/\000o\000p\000t\000j\000r\000P\000a\000r\000a\000m\000e\000t\000e\000r\000s\000.\000h\000h\000\040\000F\000i\000l\000e\000\040\000R\000e\000f\000e\000r\000e\000n\000c\000e}{chapter.4}% 206
\BOOKMARK [2][-]{subsection.4.25.1}{\376\377\000M\000a\000c\000r\000o\000\040\000D\000e\000f\000i\000n\000i\000t\000i\000o\000n\000\040\000D\000o\000c\000u\000m\000e\000n\000t\000a\000t\000i\000o\000n}{section.4.25}% 207
\BOOKMARK [3][-]{subsubsection.4.25.1.1}{\376\377\000D\000A\000G\000S\000I\000M}{subsection.4.25.1}% 208
\BOOKMARK [3][-]{subsubsection.4.25.1.2}{\376\377\000L\000U\000N\000D\000S\000T\000R\000O\000M}{subsection.4.25.1}% 209
\BOOKMARK [1][-]{section.4.26}{\376\377\000/\000v\000a\000g\000r\000a\000n\000t\000/\000P\000R\000O\000J\000E\000C\000T\000\137\000S\000P\000A\000R\000K\000/\000P\000A\000C\000S\000\137\000P\000R\000O\000J\000E\000C\000T\000/\000o\000p\000t\000\137\000j\000r\000/\000s\000r\000c\000/\000r\000e\000a\000d\000\137\000a\000p\000p\000\137\000f\000i\000l\000e\000.\000c\000p\000p\000\040\000F\000i\000l\000e\000\040\000R\000e\000f\000e\000r\000e\000n\000c\000e}{chapter.4}% 210
\BOOKMARK [2][-]{subsection.4.26.1}{\376\377\000M\000a\000c\000r\000o\000\040\000D\000e\000f\000i\000n\000i\000t\000i\000o\000n\000\040\000D\000o\000c\000u\000m\000e\000n\000t\000a\000t\000i\000o\000n}{section.4.26}% 211
\BOOKMARK [3][-]{subsubsection.4.26.1.1}{\376\377\000M\000A\000X\000\137\000A\000P\000P\000\137\000L\000E\000N\000G\000T\000H}{subsection.4.26.1}% 212
\BOOKMARK [2][-]{subsection.4.26.2}{\376\377\000F\000u\000n\000c\000t\000i\000o\000n\000\040\000D\000o\000c\000u\000m\000e\000n\000t\000a\000t\000i\000o\000n}{section.4.26}% 213
\BOOKMARK [3][-]{subsubsection.4.26.2.1}{\376\377\000g\000e\000t\000f\000i\000e\000l\000d}{subsection.4.26.2}% 214
\BOOKMARK [3][-]{subsubsection.4.26.2.2}{\376\377\000r\000e\000a\000d\000A\000p\000p\000F\000i\000l\000e}{subsection.4.26.2}% 215
\BOOKMARK [1][-]{section.4.27}{\376\377\000/\000v\000a\000g\000r\000a\000n\000t\000/\000P\000R\000O\000J\000E\000C\000T\000\137\000S\000P\000A\000R\000K\000/\000P\000A\000C\000S\000\137\000P\000R\000O\000J\000E\000C\000T\000/\000o\000p\000t\000\137\000j\000r\000/\000s\000r\000c\000/\000r\000e\000a\000d\000\137\000a\000p\000p\000\137\000f\000i\000l\000e\000.\000h\000h\000\040\000F\000i\000l\000e\000\040\000R\000e\000f\000e\000r\000e\000n\000c\000e}{chapter.4}% 216
\BOOKMARK [2][-]{subsection.4.27.1}{\376\377\000F\000u\000n\000c\000t\000i\000o\000n\000\040\000D\000o\000c\000u\000m\000e\000n\000t\000a\000t\000i\000o\000n}{section.4.27}% 217
\BOOKMARK [3][-]{subsubsection.4.27.1.1}{\376\377\000g\000e\000t\000f\000i\000e\000l\000d}{subsection.4.27.1}% 218
\BOOKMARK [3][-]{subsubsection.4.27.1.2}{\376\377\000r\000e\000a\000d\000A\000p\000p\000F\000i\000l\000e}{subsection.4.27.1}% 219
\BOOKMARK [2][-]{subsection.4.27.2}{\376\377\000V\000a\000r\000i\000a\000b\000l\000e\000\040\000D\000o\000c\000u\000m\000e\000n\000t\000a\000t\000i\000o\000n}{section.4.27}% 220
\BOOKMARK [3][-]{subsubsection.4.27.2.1}{\376\377\000\137\000A\000P\000P\000\137\000I\000D}{subsection.4.27.2}% 221
\BOOKMARK [3][-]{subsubsection.4.27.2.2}{\376\377\000\137\000C\000H\000I\000\137\0000}{subsection.4.27.2}% 222
\BOOKMARK [3][-]{subsubsection.4.27.2.3}{\376\377\000\137\000C\000H\000I\000\137\000C}{subsection.4.27.2}% 223
\BOOKMARK [3][-]{subsubsection.4.27.2.4}{\376\377\000\137\000D}{subsection.4.27.2}% 224
\BOOKMARK [3][-]{subsubsection.4.27.2.5}{\376\377\000\137\000D\000s\000z}{subsection.4.27.2}% 225
\BOOKMARK [3][-]{subsubsection.4.27.2.6}{\376\377\000\137\000M}{subsection.4.27.2}% 226
\BOOKMARK [3][-]{subsubsection.4.27.2.7}{\376\377\000\137\000m}{subsection.4.27.2}% 227
\BOOKMARK [3][-]{subsubsection.4.27.2.8}{\376\377\000\137\000S\000E\000S\000S\000I\000O\000N\000\137\000A\000P\000P\000\137\000I\000D}{subsection.4.27.2}% 228
\BOOKMARK [3][-]{subsubsection.4.27.2.9}{\376\377\000\137\000S\000t}{subsection.4.27.2}% 229
\BOOKMARK [3][-]{subsubsection.4.27.2.10}{\376\377\000\137\000V}{subsection.4.27.2}% 230
\BOOKMARK [3][-]{subsubsection.4.27.2.11}{\376\377\000\137\000v}{subsection.4.27.2}% 231
\BOOKMARK [3][-]{subsubsection.4.27.2.12}{\376\377\000\137\000W}{subsection.4.27.2}% 232
\BOOKMARK [3][-]{subsubsection.4.27.2.13}{\376\377\000M\000A\000X\000\137\000L\000I\000N\000E\000\137\000L\000E\000N\000G\000T\000H}{subsection.4.27.2}% 233
\BOOKMARK [3][-]{subsubsection.4.27.2.14}{\376\377\000P\000A\000R\000A\000M\000E\000T\000E\000R\000S}{subsection.4.27.2}% 234
\BOOKMARK [1][-]{section.4.28}{\376\377\000/\000v\000a\000g\000r\000a\000n\000t\000/\000P\000R\000O\000J\000E\000C\000T\000\137\000S\000P\000A\000R\000K\000/\000P\000A\000C\000S\000\137\000P\000R\000O\000J\000E\000C\000T\000/\000o\000p\000t\000\137\000j\000r\000/\000s\000r\000c\000/\000r\000e\000a\000d\000C\000o\000n\000f\000i\000g\000u\000r\000a\000t\000i\000o\000n\000F\000i\000l\000e\000.\000c\000p\000p\000\040\000F\000i\000l\000e\000\040\000R\000e\000f\000e\000r\000e\000n\000c\000e}{chapter.4}% 235
\BOOKMARK [2][-]{subsection.4.28.1}{\376\377\000F\000u\000n\000c\000t\000i\000o\000n\000\040\000D\000o\000c\000u\000m\000e\000n\000t\000a\000t\000i\000o\000n}{section.4.28}% 236
\BOOKMARK [3][-]{subsubsection.4.28.1.1}{\376\377\000e\000x\000t\000r\000a\000c\000t\000I\000t\000e\000m}{subsection.4.28.1}% 237
\BOOKMARK [3][-]{subsubsection.4.28.1.2}{\376\377\000r\000e\000a\000d\000C\000o\000n\000f\000i\000g\000u\000r\000a\000t\000i\000o\000n\000F\000i\000l\000e}{subsection.4.28.1}% 238
\BOOKMARK [1][-]{section.4.29}{\376\377\000/\000v\000a\000g\000r\000a\000n\000t\000/\000P\000R\000O\000J\000E\000C\000T\000\137\000S\000P\000A\000R\000K\000/\000P\000A\000C\000S\000\137\000P\000R\000O\000J\000E\000C\000T\000/\000o\000p\000t\000\137\000j\000r\000/\000s\000r\000c\000/\000r\000e\000a\000d\000C\000o\000n\000f\000i\000g\000u\000r\000a\000t\000i\000o\000n\000F\000i\000l\000e\000.\000h\000h\000\040\000F\000i\000l\000e\000\040\000R\000e\000f\000e\000r\000e\000n\000c\000e}{chapter.4}% 239
\BOOKMARK [2][-]{subsection.4.29.1}{\376\377\000T\000y\000p\000e\000d\000e\000f\000\040\000D\000o\000c\000u\000m\000e\000n\000t\000a\000t\000i\000o\000n}{section.4.29}% 240
\BOOKMARK [3][-]{subsubsection.4.29.1.1}{\376\377\000s\000C\000o\000n\000f\000i\000g\000u\000r\000a\000t\000i\000o\000n}{subsection.4.29.1}% 241
\BOOKMARK [2][-]{subsection.4.29.2}{\376\377\000F\000u\000n\000c\000t\000i\000o\000n\000\040\000D\000o\000c\000u\000m\000e\000n\000t\000a\000t\000i\000o\000n}{section.4.29}% 242
\BOOKMARK [3][-]{subsubsection.4.29.2.1}{\376\377\000r\000e\000a\000d\000C\000o\000n\000f\000i\000g\000u\000r\000a\000t\000i\000o\000n\000F\000i\000l\000e}{subsection.4.29.2}% 243
\BOOKMARK [1][-]{section.4.30}{\376\377\000/\000v\000a\000g\000r\000a\000n\000t\000/\000P\000R\000O\000J\000E\000C\000T\000\137\000S\000P\000A\000R\000K\000/\000P\000A\000C\000S\000\137\000P\000R\000O\000J\000E\000C\000T\000/\000o\000p\000t\000\137\000j\000r\000/\000s\000r\000c\000/\000s\000e\000a\000r\000c\000h\000.\000c\000p\000p\000\040\000F\000i\000l\000e\000\040\000R\000e\000f\000e\000r\000e\000n\000c\000e}{chapter.4}% 244
\BOOKMARK [1][-]{section.4.31}{\376\377\000/\000v\000a\000g\000r\000a\000n\000t\000/\000P\000R\000O\000J\000E\000C\000T\000\137\000S\000P\000A\000R\000K\000/\000P\000A\000C\000S\000\137\000P\000R\000O\000J\000E\000C\000T\000/\000o\000p\000t\000\137\000j\000r\000/\000s\000r\000c\000/\000s\000e\000a\000r\000c\000h\000.\000h\000h\000\040\000F\000i\000l\000e\000\040\000R\000e\000f\000e\000r\000e\000n\000c\000e}{chapter.4}% 245
\BOOKMARK [1][-]{section.4.32}{\376\377\000/\000v\000a\000g\000r\000a\000n\000t\000/\000P\000R\000O\000J\000E\000C\000T\000\137\000S\000P\000A\000R\000K\000/\000P\000A\000C\000S\000\137\000P\000R\000O\000J\000E\000C\000T\000/\000o\000p\000t\000\137\000j\000r\000/\000s\000r\000c\000/\000u\000t\000i\000l\000i\000t\000y\000.\000c\000p\000p\000\040\000F\000i\000l\000e\000\040\000R\000e\000f\000e\000r\000e\000n\000c\000e}{chapter.4}% 246
\BOOKMARK [2][-]{subsection.4.32.1}{\376\377\000F\000u\000n\000c\000t\000i\000o\000n\000\040\000D\000o\000c\000u\000m\000e\000n\000t\000a\000t\000i\000o\000n}{section.4.32}% 247
\BOOKMARK [3][-]{subsubsection.4.32.1.1}{\376\377\000d\000o\000u\000b\000l\000e\000C\000o\000m\000p\000a\000r\000e}{subsection.4.32.1}% 248
\BOOKMARK [1][-]{section.4.33}{\376\377\000/\000v\000a\000g\000r\000a\000n\000t\000/\000P\000R\000O\000J\000E\000C\000T\000\137\000S\000P\000A\000R\000K\000/\000P\000A\000C\000S\000\137\000P\000R\000O\000J\000E\000C\000T\000/\000o\000p\000t\000\137\000j\000r\000/\000s\000r\000c\000/\000u\000t\000i\000l\000i\000t\000y\000.\000h\000h\000\040\000F\000i\000l\000e\000\040\000R\000e\000f\000e\000r\000e\000n\000c\000e}{chapter.4}% 249
\BOOKMARK [2][-]{subsection.4.33.1}{\376\377\000F\000u\000n\000c\000t\000i\000o\000n\000\040\000D\000o\000c\000u\000m\000e\000n\000t\000a\000t\000i\000o\000n}{section.4.33}% 250
\BOOKMARK [3][-]{subsubsection.4.33.1.1}{\376\377\000d\000o\000u\000b\000l\000e\000C\000o\000m\000p\000a\000r\000e}{subsection.4.33.1}% 251
\BOOKMARK [2][-]{subsection.4.33.2}{\376\377\000V\000a\000r\000i\000a\000b\000l\000e\000\040\000D\000o\000c\000u\000m\000e\000n\000t\000a\000t\000i\000o\000n}{section.4.33}% 252
\BOOKMARK [3][-]{subsubsection.4.33.2.1}{\376\377\000e\000p\000s\000i\000l\000o\000n}{subsection.4.33.2}% 253
